[debug] [2023-10-29T12:05:51.257Z] ----------------------------------------------------------------------
[debug] [2023-10-29T12:05:51.260Z] Command:       C:\Program Files\nodejs\node.exe C:\Users\wineye\AppData\Roaming\npm\node_modules\firebase-tools\lib\bin\firebase.js init
[debug] [2023-10-29T12:05:51.260Z] CLI Version:   12.7.0
[debug] [2023-10-29T12:05:51.260Z] Platform:      win32
[debug] [2023-10-29T12:05:51.260Z] Node Version:  v20.9.0
[debug] [2023-10-29T12:05:51.260Z] Time:          Sun Oct 29 2023 17:35:51 GMT+0530 (India Standard Time)
[debug] [2023-10-29T12:05:51.260Z] ----------------------------------------------------------------------
[debug] 
[debug] [2023-10-29T12:05:51.265Z] > command requires scopes: ["email","openid","https://www.googleapis.com/auth/cloudplatformprojects.readonly","https://www.googleapis.com/auth/firebase","https://www.googleapis.com/auth/cloud-platform"]
[debug] [2023-10-29T12:05:51.266Z] > authorizing via signed-in user (vinay.mangam@gmail.com)
[info] 
     ######## #### ########  ######## ########     ###     ######  ########
     ##        ##  ##     ## ##       ##     ##  ##   ##  ##       ##
     ######    ##  ########  ######   ########  #########  ######  ######
     ##        ##  ##    ##  ##       ##     ## ##     ##       ## ##
     ##       #### ##     ## ######## ########  ##     ##  ######  ########

You're about to initialize a Firebase project in this directory:

  C:\Users\wineye\Desktop\1\Build

[info] 
=== Project Setup
[info] 
[info] First, let's associate this project directory with a Firebase project.
[info] You can create multiple project aliases by running firebase use --add, 
[info] but for now we'll just set up a default project.
[info] 
[debug] [2023-10-29T12:06:17.665Z] >>> [apiv2][query] GET https://firebase.googleapis.com/v1beta1/projects pageSize=100
[debug] [2023-10-29T12:06:19.037Z] <<< [apiv2][status] GET https://firebase.googleapis.com/v1beta1/projects 200
[debug] [2023-10-29T12:06:19.037Z] <<< [apiv2][body] GET https://firebase.googleapis.com/v1beta1/projects [omitted]
[info] i  Using project cricket-model (cricket model) 
[info] 
=== Hosting Setup
[info] 
[info] Your public directory is the folder (relative to your project directory) that
[info] will contain Hosting assets to be uploaded with firebase deploy. If you
[info] have a build process for your assets, use your build's output directory.
[info] 
[debug] [2023-10-29T12:06:50.716Z] >>> [apiv2][query] GET https://www.gstatic.com/firebasejs/releases.json [none]
[debug] [2023-10-29T12:06:51.258Z] <<< [apiv2][status] GET https://www.gstatic.com/firebasejs/releases.json 200
[debug] [2023-10-29T12:06:51.259Z] <<< [apiv2][body] GET https://www.gstatic.com/firebasejs/releases.json {"current":{"version":"10.5.2","browserURL":"https://www.gstatic.com/firebasejs/10.5.2/firebase.js","packageURL":"https://www.gstatic.com/firebasejs/10.5.2/firebase.tgz"},"live":{"version":"10.5","browserURL":"https://www.gstatic.com/firebasejs/live/10.5/firebase.js","packageURL":"https://www.gstatic.com/firebasejs/live/10.5/firebase.tgz"},"components":{"analytics":"https://www.gstatic.com/firebasejs/10.5.2/firebase-analytics.js","app":"https://www.gstatic.com/firebasejs/10.5.2/firebase-app.js","app-check":"https://www.gstatic.com/firebasejs/10.5.2/firebase-app-check.js","auth":"https://www.gstatic.com/firebasejs/10.5.2/firebase-auth.js","auth/cordova":"https://www.gstatic.com/firebasejs/10.5.2/firebase-auth/cordova.js","functions":"https://www.gstatic.com/firebasejs/10.5.2/firebase-functions.js","firestore":"https://www.gstatic.com/firebasejs/10.5.2/firebase-firestore.js","firestore/lite":"https://www.gstatic.com/firebasejs/10.5.2/firebase-firestore/lite.js","installations":"https://www.gstatic.com/firebasejs/10.5.2/firebase-installations.js","storage":"https://www.gstatic.com/firebasejs/10.5.2/firebase-storage.js","performance":"https://www.gstatic.com/firebasejs/10.5.2/firebase-performance.js","remote-config":"https://www.gstatic.com/firebasejs/10.5.2/firebase-remote-config.js","messaging":"https://www.gstatic.com/firebasejs/10.5.2/firebase-messaging.js","messaging/sw":"https://www.gstatic.com/firebasejs/10.5.2/firebase-messaging/sw.js","database":"https://www.gstatic.com/firebasejs/10.5.2/firebase-database.js","firestore.memory":"https://www.gstatic.com/firebasejs/10.5.2/firebase-firestore.memory.js"}}
[info] +  Wrote public/index.html 
[info] 
[info] i  Didn't detect a .git folder. Assuming C:\Users\wineye\Desktop\1\Build is the project root. 
[info] i  Authorizing with GitHub to upload your service account to a GitHub repository's secrets store. 
[info] 
[info] Visit this URL on this device to log in:
[info] https://github.com/login/oauth/authorize?client_id=89cf50f02ac6aaed3484&state=857990070&redirect_uri=http%3A%2F%2Flocalhost%3A9005&scope=read%3Auser%20repo%20public_repo
[info] 
[info] Waiting for authentication...
[debug] [2023-10-29T12:07:36.242Z] >>> [apiv2][query] POST https://github.com/login/oauth/access_token [none]
[debug] [2023-10-29T12:07:36.243Z] >>> [apiv2][body] POST https://github.com/login/oauth/access_token [stream]
[debug] [2023-10-29T12:07:37.178Z] <<< [apiv2][status] POST https://github.com/login/oauth/access_token 200
[debug] [2023-10-29T12:07:37.179Z] <<< [apiv2][body] POST https://github.com/login/oauth/access_token {"access_token":"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","token_type":"bearer","scope":"read:user,repo"}
[debug] [2023-10-29T12:07:37.203Z] >>> [apiv2][query] GET https://api.github.com/user [none]
[debug] [2023-10-29T12:07:38.121Z] <<< [apiv2][status] GET https://api.github.com/user 200
[debug] [2023-10-29T12:07:38.121Z] <<< [apiv2][body] GET https://api.github.com/user {"login":"wineye53","id":149302390,"node_id":"U_kgDOCOYsdg","avatar_url":"https://avatars.githubusercontent.com/u/149302390?v=4","gravatar_id":"","url":"https://api.github.com/users/wineye53","html_url":"https://github.com/wineye53","followers_url":"https://api.github.com/users/wineye53/followers","following_url":"https://api.github.com/users/wineye53/following{/other_user}","gists_url":"https://api.github.com/users/wineye53/gists{/gist_id}","starred_url":"https://api.github.com/users/wineye53/starred{/owner}{/repo}","subscriptions_url":"https://api.github.com/users/wineye53/subscriptions","organizations_url":"https://api.github.com/users/wineye53/orgs","repos_url":"https://api.github.com/users/wineye53/repos","events_url":"https://api.github.com/users/wineye53/events{/privacy}","received_events_url":"https://api.github.com/users/wineye53/received_events","type":"User","site_admin":false,"name":null,"company":null,"blog":"","location":null,"email":null,"hireable":null,"bio":null,"twitter_username":null,"public_repos":1,"public_gists":0,"followers":0,"following":0,"created_at":"2023-10-29T10:56:09Z","updated_at":"2023-10-29T10:56:09Z","private_gists":0,"total_private_repos":0,"owned_private_repos":0,"disk_usage":1819,"collaborators":0,"two_factor_authentication":false,"plan":{"name":"free","space":976562499,"collaborators":0,"private_repos":10000}}
[info] 
[info] +  Success! Logged into GitHub as wineye53 
[info] 
[debug] [2023-10-29T12:07:57.304Z] >>> [apiv2][query] GET https://api.github.com/repos//actions/secrets/public-key type=owner
[debug] [2023-10-29T12:07:57.904Z] <<< [apiv2][status] GET https://api.github.com/repos//actions/secrets/public-key 404
[debug] [2023-10-29T12:07:57.904Z] <<< [apiv2][body] GET https://api.github.com/repos//actions/secrets/public-key {"message":"Not Found","documentation_url":"https://docs.github.com/rest"}
[info] 
[info] 
[error] !  The provided authorization cannot be used with this repository. If this repository is in an organization, did you remember to grant access? 
[info] 
[info] i  Action required: Visit this URL to ensure access has been granted to the appropriate organization(s) for the Firebase CLI GitHub OAuth App: 
[info] https://github.com/settings/connections/applications/89cf50f02ac6aaed3484
[info] 
[debug] [2023-10-29T12:17:11.419Z] >>> [apiv2][query] GET https://api.github.com/repos/https://github.com/wineye53/trial-one/actions/secrets/public-key type=owner
[debug] [2023-10-29T12:17:11.919Z] <<< [apiv2][status] GET https://api.github.com/repos/https://github.com/wineye53/trial-one/actions/secrets/public-key 404
[debug] [2023-10-29T12:17:11.919Z] <<< [apiv2][body] GET https://api.github.com/repos/https://github.com/wineye53/trial-one/actions/secrets/public-key {"message":"Not Found","documentation_url":"https://docs.github.com/rest"}
[info] 
[info] 
[error] !  The provided authorization cannot be used with this repository. If this repository is in an organization, did you remember to grant access? 
[info] 
[info] i  Action required: Visit this URL to ensure access has been granted to the appropriate organization(s) for the Firebase CLI GitHub OAuth App: 
[info] https://github.com/settings/connections/applications/89cf50f02ac6aaed3484
[info] 
[debug] [2023-10-29T12:17:19.124Z] >>> [apiv2][query] GET https://api.github.com/repos/https://github.com/wineye53/trial-one/actions/secrets/public-key type=owner
[debug] [2023-10-29T12:17:19.535Z] <<< [apiv2][status] GET https://api.github.com/repos/https://github.com/wineye53/trial-one/actions/secrets/public-key 404
[debug] [2023-10-29T12:17:19.536Z] <<< [apiv2][body] GET https://api.github.com/repos/https://github.com/wineye53/trial-one/actions/secrets/public-key {"message":"Not Found","documentation_url":"https://docs.github.com/rest"}
[info] 
[info] 
[error] !  The provided authorization cannot be used with this repository. If this repository is in an organization, did you remember to grant access? 
[info] 
[info] i  Action required: Visit this URL to ensure access has been granted to the appropriate organization(s) for the Firebase CLI GitHub OAuth App: 
[info] https://github.com/settings/connections/applications/89cf50f02ac6aaed3484
[info] 
[debug] [2023-10-29T12:18:47.655Z] >>> [apiv2][query] GET https://api.github.com/repos/https://github.com/wineye53/trial-one/actions/secrets/public-key type=owner
[debug] [2023-10-29T12:18:49.108Z] <<< [apiv2][status] GET https://api.github.com/repos/https://github.com/wineye53/trial-one/actions/secrets/public-key 404
[debug] [2023-10-29T12:18:49.108Z] <<< [apiv2][body] GET https://api.github.com/repos/https://github.com/wineye53/trial-one/actions/secrets/public-key {"message":"Not Found","documentation_url":"https://docs.github.com/rest"}
[info] 
[info] 
[error] !  The provided authorization cannot be used with this repository. If this repository is in an organization, did you remember to grant access? 
[info] 
[info] i  Action required: Visit this URL to ensure access has been granted to the appropriate organization(s) for the Firebase CLI GitHub OAuth App: 
[info] https://github.com/settings/connections/applications/89cf50f02ac6aaed3484
[info] 
[debug] [2023-10-29T12:20:09.715Z] >>> [apiv2][query] GET https://api.github.com/repos/https://github.com/wineye53/trial-onehttps://github.com/wineye53/trial-2/actions/secrets/public-key type=owner
[debug] [2023-10-29T12:20:10.143Z] <<< [apiv2][status] GET https://api.github.com/repos/https://github.com/wineye53/trial-onehttps://github.com/wineye53/trial-2/actions/secrets/public-key 404
[debug] [2023-10-29T12:20:10.143Z] <<< [apiv2][body] GET https://api.github.com/repos/https://github.com/wineye53/trial-onehttps://github.com/wineye53/trial-2/actions/secrets/public-key {"message":"Not Found","documentation_url":"https://docs.github.com/rest"}
[info] 
[info] 
[error] !  The provided authorization cannot be used with this repository. If this repository is in an organization, did you remember to grant access? 
[info] 
[info] i  Action required: Visit this URL to ensure access has been granted to the appropriate organization(s) for the Firebase CLI GitHub OAuth App: 
[info] https://github.com/settings/connections/applications/89cf50f02ac6aaed3484
[info] 
[debug] [2023-10-29T12:20:14.658Z] >>> [apiv2][query] GET https://api.github.com/repos/https://github.com/wineye53/trial-onehttps://github.com/wineye53/trial-2/actions/secrets/public-key type=owner
[debug] [2023-10-29T12:20:14.947Z] <<< [apiv2][status] GET https://api.github.com/repos/https://github.com/wineye53/trial-onehttps://github.com/wineye53/trial-2/actions/secrets/public-key 404
[debug] [2023-10-29T12:20:14.947Z] <<< [apiv2][body] GET https://api.github.com/repos/https://github.com/wineye53/trial-onehttps://github.com/wineye53/trial-2/actions/secrets/public-key {"message":"Not Found","documentation_url":"https://docs.github.com/rest"}
[info] 
[info] 
[error] !  The provided authorization cannot be used with this repository. If this repository is in an organization, did you remember to grant access? 
[info] 
[info] i  Action required: Visit this URL to ensure access has been granted to the appropriate organization(s) for the Firebase CLI GitHub OAuth App: 
[info] https://github.com/settings/connections/applications/89cf50f02ac6aaed3484
[info] 
[debug] [2023-10-29T12:20:39.089Z] >>> [apiv2][query] GET https://api.github.com/repos/https://github.com/wineye53/trial-onehttps://github.com/wineye53/trial-2wineye53/trial-2/actions/secrets/public-key type=owner
[debug] [2023-10-29T12:20:50.184Z] *** [apiv2] error from fetch(https://api.github.com/repos/https://github.com/wineye53/trial-onehttps://github.com/wineye53/trial-2wineye53/trial-2/actions/secrets/public-key?type=owner, {"headers":{},"method":"GET"}): FetchError: request to https://api.github.com/repos/https://github.com/wineye53/trial-onehttps://github.com/wineye53/trial-2wineye53/trial-2/actions/secrets/public-key?type=owner failed, reason: getaddrinfo ENOTFOUND api.github.com
[debug] [2023-10-29T12:21:26.323Z] >>> [apiv2][query] GET https://api.github.com/repos/https://github.com/wineye53/trial-onehttps://github.com/wineye53/trial-2wineye53/trial-2wineye53/trial-one/actions/secrets/public-key type=owner
[debug] [2023-10-29T12:21:26.694Z] <<< [apiv2][status] GET https://api.github.com/repos/https://github.com/wineye53/trial-onehttps://github.com/wineye53/trial-2wineye53/trial-2wineye53/trial-one/actions/secrets/public-key 404
[debug] [2023-10-29T12:21:26.695Z] <<< [apiv2][body] GET https://api.github.com/repos/https://github.com/wineye53/trial-onehttps://github.com/wineye53/trial-2wineye53/trial-2wineye53/trial-one/actions/secrets/public-key {"message":"Not Found","documentation_url":"https://docs.github.com/rest"}
[info] 
[info] 
[error] !  The provided authorization cannot be used with this repository. If this repository is in an organization, did you remember to grant access? 
[info] 
[info] i  Action required: Visit this URL to ensure access has been granted to the appropriate organization(s) for the Firebase CLI GitHub OAuth App: 
[info] https://github.com/settings/connections/applications/89cf50f02ac6aaed3484
[info] 
[debug] [2023-10-29T12:22:18.352Z] >>> [apiv2][query] GET https://api.github.com/repos/https://github.com/wineye53/trial-onehttps://github.com/wineye53/trial-2wineye53/trial-2wineye53/trial-oneformat:wineye53/trial-one/actions/secrets/public-key type=owner
[debug] [2023-10-29T12:22:18.722Z] <<< [apiv2][status] GET https://api.github.com/repos/https://github.com/wineye53/trial-onehttps://github.com/wineye53/trial-2wineye53/trial-2wineye53/trial-oneformat:wineye53/trial-one/actions/secrets/public-key 404
[debug] [2023-10-29T12:22:18.722Z] <<< [apiv2][body] GET https://api.github.com/repos/https://github.com/wineye53/trial-onehttps://github.com/wineye53/trial-2wineye53/trial-2wineye53/trial-oneformat:wineye53/trial-one/actions/secrets/public-key {"message":"Not Found","documentation_url":"https://docs.github.com/rest"}
[info] 
[info] 
[error] !  The provided authorization cannot be used with this repository. If this repository is in an organization, did you remember to grant access? 
[info] 
[info] i  Action required: Visit this URL to ensure access has been granted to the appropriate organization(s) for the Firebase CLI GitHub OAuth App: 
[info] https://github.com/settings/connections/applications/89cf50f02ac6aaed3484
[info] 
[debug] [2023-10-29T12:27:15.672Z] >>> [apiv2][query] GET https://api.github.com/repos/https://github.com/wineye53/trial-onehttps://github.com/wineye53/trial-2wineye53/trial-2wineye53/trial-oneformat:wineye53/trial-one/actions/secrets/public-key type=owner
[debug] [2023-10-29T12:27:16.203Z] <<< [apiv2][status] GET https://api.github.com/repos/https://github.com/wineye53/trial-onehttps://github.com/wineye53/trial-2wineye53/trial-2wineye53/trial-oneformat:wineye53/trial-one/actions/secrets/public-key 401
[debug] [2023-10-29T12:27:16.203Z] <<< [apiv2][body] GET https://api.github.com/repos/https://github.com/wineye53/trial-onehttps://github.com/wineye53/trial-2wineye53/trial-2wineye53/trial-oneformat:wineye53/trial-one/actions/secrets/public-key {"message":"Bad credentials","documentation_url":"https://docs.github.com/rest"}
[debug] [2023-10-29T12:27:25.011Z] >>> [apiv2][query] GET https://api.github.com/repos/https://github.com/wineye53/trial-onehttps://github.com/wineye53/trial-2wineye53/trial-2wineye53/trial-oneformat:wineye53/trial-one/actions/secrets/public-key type=owner
[debug] [2023-10-29T12:27:25.465Z] <<< [apiv2][status] GET https://api.github.com/repos/https://github.com/wineye53/trial-onehttps://github.com/wineye53/trial-2wineye53/trial-2wineye53/trial-oneformat:wineye53/trial-one/actions/secrets/public-key 401
[debug] [2023-10-29T12:27:25.465Z] <<< [apiv2][body] GET https://api.github.com/repos/https://github.com/wineye53/trial-onehttps://github.com/wineye53/trial-2wineye53/trial-2wineye53/trial-oneformat:wineye53/trial-one/actions/secrets/public-key {"message":"Bad credentials","documentation_url":"https://docs.github.com/rest"}
